[2025-09-09T02:58:04.959Z] [INFO] [backend] Log file cleared
--------------------------------------------------------------------------------
[2025-09-09T02:58:04.962Z] [INFO] [backend] Server running on http://localhost:3000
--------------------------------------------------------------------------------
[2025-09-09T02:58:11.938Z] [INFO] [backend] Incoming GET request to /
--------------------------------------------------------------------------------
[2025-09-09T02:58:11.939Z] [INFO] [backend] GET /
Data: {
  "method": "GET",
  "url": "/",
  "data": "{\"message\":\"DebateAI Main Server\",\"version\":\"1.0.0\",\"endpoints\":[\"GET / - Server info\",\"POST /debate/submit - Submit debate arguments\"],\"status\":\"running\"}",
  "duration": "1ms",
  "timestamp": "2025-09-09T02:58:11.939Z"
}
--------------------------------------------------------------------------------
[2025-09-09T03:01:15.398Z] [INFO] [backend] Incoming GET request to /
--------------------------------------------------------------------------------
[2025-09-09T03:01:15.398Z] [INFO] [backend] GET /
Data: {
  "method": "GET",
  "url": "/",
  "data": "{\"message\":\"DebateAI Main Server\",\"version\":\"1.0.0\",\"endpoints\":[\"GET / - Server info\",\"POST /debate/submit - Submit debate arguments\"],\"status\":\"running\"}",
  "timestamp": "2025-09-09T03:01:15.398Z"
}
--------------------------------------------------------------------------------
